Using pre-set license
Built from '2020.2/release' branch; Version is '2020.2.2f1 (068178b99f32) revision 426360'; Using compiler version '192528614'; Build Type 'Release'
OS: 'Windows 10 Pro; OS build 19041.867; Version 2004; 64bit' Language: 'en' Physical Memory: 32635 MB
BatchMode: 1, IsHumanControllingUs: 0, StartBugReporterOnCrash: 0, Is64bit: 1, IsPro: 0

 COMMAND LINE ARGUMENTS:
C:\Program Files\Unity\Hub\Editor\2020.2.2f1\Editor\Unity.exe
-adb2
-batchMode
-noUpm
-name
AssetImportWorker0
-projectPath
D:/CORE/TAFE Diploma/2_AdvProgrammming/As2_Framework/AdvProg_As2_Framework
-logFile
Logs/AssetImportWorker0.log
-srvPort
55799
Successfully changed project path to: D:/CORE/TAFE Diploma/2_AdvProgrammming/As2_Framework/AdvProg_As2_Framework
D:/CORE/TAFE Diploma/2_AdvProgrammming/As2_Framework/AdvProg_As2_Framework
Using Asset Import Pipeline V2.
Unable to join player connection multicast group.

Unable to join player connection alternative multicast group.

Refreshing native plugins compatible for Editor in 24.98 ms, found 0 plugins.
Preloading 0 native plugins for Editor in 0.00 ms.
Initialize engine version: 2020.2.2f1 (068178b99f32)
[Subsystems] Discovering subsystems at path C:/Program Files/Unity/Hub/Editor/2020.2.2f1/Editor/Data/Resources/UnitySubsystems
[Subsystems] Discovering subsystems at path D:/CORE/TAFE Diploma/2_AdvProgrammming/As2_Framework/AdvProg_As2_Framework/Assets
GfxDevice: creating device client; threaded=0
Direct3D:
    Version:  Direct3D 11.0 [level 11.1]
    Renderer: NVIDIA GeForce GTX 980M (ID=0x13d7)
    Vendor:   
    VRAM:     8144 MB
    Driver:   27.21.14.6172
Initialize mono
Mono path[0] = 'C:/Program Files/Unity/Hub/Editor/2020.2.2f1/Editor/Data/Managed'
Mono path[1] = 'C:/Program Files/Unity/Hub/Editor/2020.2.2f1/Editor/Data/MonoBleedingEdge/lib/mono/unityjit'
Mono config path = 'C:/Program Files/Unity/Hub/Editor/2020.2.2f1/Editor/Data/MonoBleedingEdge/etc'
Using monoOptions --debugger-agent=transport=dt_socket,embedding=1,server=y,suspend=n,address=127.0.0.1:56084
Begin MonoManager ReloadAssembly
Registering precompiled unity dll's ...
Register platform support module: C:/Program Files/Unity/Hub/Editor/2020.2.2f1/Editor/Data/PlaybackEngines/WebGLSupport/UnityEditor.WebGL.Extensions.dll
Register platform support module: C:/Program Files/Unity/Hub/Editor/2020.2.2f1/Editor/Data/PlaybackEngines/WindowsStandaloneSupport/UnityEditor.WindowsStandalone.Extensions.dll
Registered in 0.002425 seconds.
Native extension for WindowsStandalone target not found
Native extension for WebGL target not found
Refreshing native plugins compatible for Editor in 26.50 ms, found 0 plugins.
Preloading 0 native plugins for Editor in 0.00 ms.
Invoked RoslynAnalysisRunner static constructor.
RoslynAnalysisRunner will not be running.
RoslynAnalysisRunner has terminated.
Mono: successfully reloaded assembly
- Completed reload, in  1.844 seconds
Platform modules already initialized, skipping
Registering precompiled user dll's ...
Registered in 0.000570 seconds.
Begin MonoManager ReloadAssembly
OnLevelWasLoaded was found on MusicPlayer
This message has been deprecated and will be removed in a later version of Unity.
Add a delegate to SceneManager.sceneLoaded instead to get notifications after scene loading has completed

Native extension for WindowsStandalone target not found
Native extension for WebGL target not found
Refreshing native plugins compatible for Editor in 0.20 ms, found 0 plugins.
Preloading 0 native plugins for Editor in 0.00 ms.
Invoked RoslynAnalysisRunner static constructor.
RoslynAnalysisRunner will not be running.
RoslynAnalysisRunner has terminated.
Mono: successfully reloaded assembly
- Completed reload, in  0.807 seconds
Platform modules already initialized, skipping
========================================================================
Worker process is ready to serve import requests
Launched and connected shader compiler UnityShaderCompiler.exe after 0.05 seconds
Refreshing native plugins compatible for Editor in 0.22 ms, found 0 plugins.
Preloading 0 native plugins for Editor in 0.00 ms.
Unloading 1222 Unused Serialized files (Serialized files now loaded: 0)
System memory in use before: 61.2 MB.
System memory in use after: 61.2 MB.

Unloading 10 unused Assets to reduce memory usage. Loaded Objects now: 1668.
Total: 1.757500 ms (FindLiveObjects: 0.128100 ms CreateObjectMapping: 0.039800 ms MarkObjects: 1.473200 ms  DeleteObjects: 0.115700 ms)

========================================================================
Received Import Request.
  path: ProjectSettings/TagManager.asset
  artifactKey: Guid(00000000000000003000000000000000) Importer(815301076,1909f56bfc062723c751e8b465ee728b)
Start importing ProjectSettings/TagManager.asset using Guid(00000000000000003000000000000000) Importer(815301076,1909f56bfc062723c751e8b465ee728b)  -> (artifact id: 'f3dddbcfa536b9389ea6b36882ca3fae') in 0.052225 seconds
  Import took 0.054073 seconds .

========================================================================
Received Import Request.
  Time since last request: 210.751899 seconds.
  path: Assets/HiryuTK/Controllers/TopDownController/Settings_TopDownController.cs
  artifactKey: Guid(d5db4fc4f6a879e47be7d6eaefc593ef) Importer(815301076,1909f56bfc062723c751e8b465ee728b)
Start importing Assets/HiryuTK/Controllers/TopDownController/Settings_TopDownController.cs using Guid(d5db4fc4f6a879e47be7d6eaefc593ef) Importer(815301076,1909f56bfc062723c751e8b465ee728b)  -> (artifact id: 'e32eec66fc821b9ce4b2637e394056bf') in 0.013910 seconds
  Import took 0.016498 seconds .

========================================================================
Received Import Request.
  Time since last request: 9.967147 seconds.
  path: Assets/HiryuTK/Controllers/TopDownController/Settings_TopDownController.cs
  artifactKey: Guid(d5db4fc4f6a879e47be7d6eaefc593ef) Importer(815301076,1909f56bfc062723c751e8b465ee728b)
Start importing Assets/HiryuTK/Controllers/TopDownController/Settings_TopDownController.cs using Guid(d5db4fc4f6a879e47be7d6eaefc593ef) Importer(815301076,1909f56bfc062723c751e8b465ee728b)  -> (artifact id: 'a40cd1bd01f769c735b1ee22155c8c57') in 0.002199 seconds
  Import took 0.004345 seconds .

========================================================================
Received Prepare
Registering precompiled user dll's ...
Registered in 0.000521 seconds.
OnLevelWasLoaded was found on MusicPlayer
This message has been deprecated and will be removed in a later version of Unity.
Add a delegate to SceneManager.sceneLoaded instead to get notifications after scene loading has completed

Begin MonoManager ReloadAssembly
OnLevelWasLoaded was found on MusicPlayer
This message has been deprecated and will be removed in a later version of Unity.
Add a delegate to SceneManager.sceneLoaded instead to get notifications after scene loading has completed

Native extension for WindowsStandalone target not found
Native extension for WebGL target not found
Refreshing native plugins compatible for Editor in 0.22 ms, found 0 plugins.
Preloading 0 native plugins for Editor in 0.00 ms.
Invoked RoslynAnalysisRunner static constructor.
RoslynAnalysisRunner will not be running.
RoslynAnalysisRunner has terminated.
Mono: successfully reloaded assembly
- Completed reload, in  0.816 seconds
Platform modules already initialized, skipping
Refreshing native plugins compatible for Editor in 0.21 ms, found 0 plugins.
Preloading 0 native plugins for Editor in 0.00 ms.
Unloading 1213 Unused Serialized files (Serialized files now loaded: 0)
System memory in use before: 61.1 MB.
System memory in use after: 61.1 MB.

Unloading 6 unused Assets to reduce memory usage. Loaded Objects now: 1670.
Total: 1.569900 ms (FindLiveObjects: 0.149100 ms CreateObjectMapping: 0.035300 ms MarkObjects: 1.331500 ms  DeleteObjects: 0.048900 ms)

========================================================================
Received Prepare
Registering precompiled user dll's ...
Registered in 0.001236 seconds.
OnLevelWasLoaded was found on MusicPlayer
This message has been deprecated and will be removed in a later version of Unity.
Add a delegate to SceneManager.sceneLoaded instead to get notifications after scene loading has completed

Begin MonoManager ReloadAssembly
OnLevelWasLoaded was found on MusicPlayer
This message has been deprecated and will be removed in a later version of Unity.
Add a delegate to SceneManager.sceneLoaded instead to get notifications after scene loading has completed

Native extension for WindowsStandalone target not found
Native extension for WebGL target not found
Refreshing native plugins compatible for Editor in 0.21 ms, found 0 plugins.
Preloading 0 native plugins for Editor in 0.00 ms.
Invoked RoslynAnalysisRunner static constructor.
RoslynAnalysisRunner will not be running.
RoslynAnalysisRunner has terminated.
Mono: successfully reloaded assembly
- Completed reload, in  0.829 seconds
Platform modules already initialized, skipping
Refreshing native plugins compatible for Editor in 0.22 ms, found 0 plugins.
Preloading 0 native plugins for Editor in 0.00 ms.
Unloading 1213 Unused Serialized files (Serialized files now loaded: 0)
System memory in use before: 61.3 MB.
System memory in use after: 61.4 MB.

Unloading 5 unused Assets to reduce memory usage. Loaded Objects now: 1672.
Total: 2.067100 ms (FindLiveObjects: 0.197300 ms CreateObjectMapping: 0.091000 ms MarkObjects: 1.694200 ms  DeleteObjects: 0.083500 ms)

========================================================================
Received Prepare
Registering precompiled user dll's ...
Registered in 0.000555 seconds.
OnLevelWasLoaded was found on MusicPlayer
This message has been deprecated and will be removed in a later version of Unity.
Add a delegate to SceneManager.sceneLoaded instead to get notifications after scene loading has completed

Begin MonoManager ReloadAssembly
OnLevelWasLoaded was found on MusicPlayer
This message has been deprecated and will be removed in a later version of Unity.
Add a delegate to SceneManager.sceneLoaded instead to get notifications after scene loading has completed

Native extension for WindowsStandalone target not found
Native extension for WebGL target not found
Refreshing native plugins compatible for Editor in 0.20 ms, found 0 plugins.
Preloading 0 native plugins for Editor in 0.00 ms.
Invoked RoslynAnalysisRunner static constructor.
RoslynAnalysisRunner will not be running.
RoslynAnalysisRunner has terminated.
Mono: successfully reloaded assembly
- Completed reload, in  0.800 seconds
Platform modules already initialized, skipping
Refreshing native plugins compatible for Editor in 0.22 ms, found 0 plugins.
Preloading 0 native plugins for Editor in 0.00 ms.
Unloading 1213 Unused Serialized files (Serialized files now loaded: 0)
System memory in use before: 61.6 MB.
System memory in use after: 61.6 MB.

Unloading 5 unused Assets to reduce memory usage. Loaded Objects now: 1674.
Total: 2.259500 ms (FindLiveObjects: 0.152800 ms CreateObjectMapping: 0.041800 ms MarkObjects: 1.974800 ms  DeleteObjects: 0.088900 ms)

========================================================================
Received Prepare
Registering precompiled user dll's ...
Registered in 0.001079 seconds.
OnLevelWasLoaded was found on MusicPlayer
This message has been deprecated and will be removed in a later version of Unity.
Add a delegate to SceneManager.sceneLoaded instead to get notifications after scene loading has completed

Begin MonoManager ReloadAssembly
OnLevelWasLoaded was found on MusicPlayer
This message has been deprecated and will be removed in a later version of Unity.
Add a delegate to SceneManager.sceneLoaded instead to get notifications after scene loading has completed

Native extension for WindowsStandalone target not found
Native extension for WebGL target not found
Refreshing native plugins compatible for Editor in 0.22 ms, found 0 plugins.
Preloading 0 native plugins for Editor in 0.00 ms.
Invoked RoslynAnalysisRunner static constructor.
RoslynAnalysisRunner will not be running.
RoslynAnalysisRunner has terminated.
Mono: successfully reloaded assembly
- Completed reload, in  0.777 seconds
Platform modules already initialized, skipping
Refreshing native plugins compatible for Editor in 0.21 ms, found 0 plugins.
Preloading 0 native plugins for Editor in 0.00 ms.
Unloading 1213 Unused Serialized files (Serialized files now loaded: 0)
System memory in use before: 61.6 MB.
System memory in use after: 61.7 MB.

Unloading 5 unused Assets to reduce memory usage. Loaded Objects now: 1676.
Total: 1.824000 ms (FindLiveObjects: 0.273400 ms CreateObjectMapping: 0.067300 ms MarkObjects: 1.441300 ms  DeleteObjects: 0.041200 ms)

========================================================================
Received Import Request.
  Time since last request: 975.224873 seconds.
  path: Assets/HiryuTK/Controllers/TopDownController/Pf/PlayerBullet.prefab
  artifactKey: Guid(f4f09d94a4f319442bd2e75c01942dee) Importer(815301076,1909f56bfc062723c751e8b465ee728b)
Start importing Assets/HiryuTK/Controllers/TopDownController/Pf/PlayerBullet.prefab using Guid(f4f09d94a4f319442bd2e75c01942dee) Importer(815301076,1909f56bfc062723c751e8b465ee728b)  -> (artifact id: 'aec3dda3b1c5977169cde3f0cb516fbc') in 0.087769 seconds
  Import took 0.089782 seconds .

========================================================================
Received Import Request.
  Time since last request: 20.376951 seconds.
  path: Assets/HiryuTK/Controllers/TopDownController/Pf/Asteroid.prefab
  artifactKey: Guid(c4b8d9be616332b4ba009c6aa890756f) Importer(815301076,1909f56bfc062723c751e8b465ee728b)
Start importing Assets/HiryuTK/Controllers/TopDownController/Pf/Asteroid.prefab using Guid(c4b8d9be616332b4ba009c6aa890756f) Importer(815301076,1909f56bfc062723c751e8b465ee728b)  -> (artifact id: 'ec3c4148f95cf8055cbb2aff236e7d8d') in 0.019754 seconds
  Import took 0.022086 seconds .

========================================================================
Received Import Request.
  Time since last request: 1.967601 seconds.
  path: Assets/HiryuTK/Controllers/TopDownController/Pf/Asteroid.prefab
  artifactKey: Guid(c4b8d9be616332b4ba009c6aa890756f) Importer(815301076,1909f56bfc062723c751e8b465ee728b)
Start importing Assets/HiryuTK/Controllers/TopDownController/Pf/Asteroid.prefab using Guid(c4b8d9be616332b4ba009c6aa890756f) Importer(815301076,1909f56bfc062723c751e8b465ee728b)  -> (artifact id: 'e5f43da86eb301db144922eeb55cc321') in 0.008928 seconds
  Import took 0.011838 seconds .

========================================================================
Received Import Request.
  Time since last request: 3.021724 seconds.
  path: Assets/HiryuTK/Controllers/TopDownController/Pf/EnemyShip.prefab
  artifactKey: Guid(72951ef920f889547a35ece90599c922) Importer(815301076,1909f56bfc062723c751e8b465ee728b)
Start importing Assets/HiryuTK/Controllers/TopDownController/Pf/EnemyShip.prefab using Guid(72951ef920f889547a35ece90599c922) Importer(815301076,1909f56bfc062723c751e8b465ee728b)  -> (artifact id: '953347e18b5caafe952a1215200b552b') in 0.024170 seconds
  Import took 0.027076 seconds .

========================================================================
Received Import Request.
  Time since last request: 1.764459 seconds.
  path: Assets/HiryuTK/Controllers/TopDownController/Pf/EnemyShip.prefab
  artifactKey: Guid(72951ef920f889547a35ece90599c922) Importer(815301076,1909f56bfc062723c751e8b465ee728b)
Start importing Assets/HiryuTK/Controllers/TopDownController/Pf/EnemyShip.prefab using Guid(72951ef920f889547a35ece90599c922) Importer(815301076,1909f56bfc062723c751e8b465ee728b)  -> (artifact id: 'aff8b042d1f4befb627ec02405a141b9') in 0.012082 seconds
  Import took 0.014619 seconds .

========================================================================
Received Import Request.
  Time since last request: 3.144409 seconds.
  path: Assets/HiryuTK/Controllers/TopDownController/Pf/PlayerBullet.prefab
  artifactKey: Guid(f4f09d94a4f319442bd2e75c01942dee) Importer(815301076,1909f56bfc062723c751e8b465ee728b)
Start importing Assets/HiryuTK/Controllers/TopDownController/Pf/PlayerBullet.prefab using Guid(f4f09d94a4f319442bd2e75c01942dee) Importer(815301076,1909f56bfc062723c751e8b465ee728b)  -> (artifact id: '9a61ea404fccdd9c5ab202a2521c6ddf') in 0.012111 seconds
  Import took 0.015015 seconds .

========================================================================
Received Prepare
Registering precompiled user dll's ...
Registered in 0.000595 seconds.
OnLevelWasLoaded was found on MusicPlayer
This message has been deprecated and will be removed in a later version of Unity.
Add a delegate to SceneManager.sceneLoaded instead to get notifications after scene loading has completed

Begin MonoManager ReloadAssembly
OnLevelWasLoaded was found on MusicPlayer
This message has been deprecated and will be removed in a later version of Unity.
Add a delegate to SceneManager.sceneLoaded instead to get notifications after scene loading has completed

Native extension for WindowsStandalone target not found
Native extension for WebGL target not found
Refreshing native plugins compatible for Editor in 0.20 ms, found 0 plugins.
Preloading 0 native plugins for Editor in 0.00 ms.
Invoked RoslynAnalysisRunner static constructor.
RoslynAnalysisRunner will not be running.
RoslynAnalysisRunner has terminated.
Mono: successfully reloaded assembly
- Completed reload, in  0.836 seconds
Platform modules already initialized, skipping
Refreshing native plugins compatible for Editor in 0.23 ms, found 0 plugins.
Preloading 0 native plugins for Editor in 0.00 ms.
Unloading 1213 Unused Serialized files (Serialized files now loaded: 0)
System memory in use before: 65.2 MB.
System memory in use after: 65.3 MB.

Unloading 5 unused Assets to reduce memory usage. Loaded Objects now: 1686.
Total: 1.764000 ms (FindLiveObjects: 0.205200 ms CreateObjectMapping: 0.042000 ms MarkObjects: 1.464800 ms  DeleteObjects: 0.050500 ms)

========================================================================
Received Prepare
Registering precompiled user dll's ...
Registered in 0.000762 seconds.
OnLevelWasLoaded was found on MusicPlayer
This message has been deprecated and will be removed in a later version of Unity.
Add a delegate to SceneManager.sceneLoaded instead to get notifications after scene loading has completed

Begin MonoManager ReloadAssembly
OnLevelWasLoaded was found on MusicPlayer
This message has been deprecated and will be removed in a later version of Unity.
Add a delegate to SceneManager.sceneLoaded instead to get notifications after scene loading has completed

Native extension for WindowsStandalone target not found
Native extension for WebGL target not found
Refreshing native plugins compatible for Editor in 0.21 ms, found 0 plugins.
Preloading 0 native plugins for Editor in 0.00 ms.
Invoked RoslynAnalysisRunner static constructor.
RoslynAnalysisRunner will not be running.
RoslynAnalysisRunner has terminated.
Mono: successfully reloaded assembly
- Completed reload, in  0.790 seconds
Platform modules already initialized, skipping
Refreshing native plugins compatible for Editor in 0.24 ms, found 0 plugins.
Preloading 0 native plugins for Editor in 0.00 ms.
Unloading 1213 Unused Serialized files (Serialized files now loaded: 0)
System memory in use before: 65.4 MB.
System memory in use after: 65.5 MB.

Unloading 5 unused Assets to reduce memory usage. Loaded Objects now: 1688.
Total: 1.976700 ms (FindLiveObjects: 0.137300 ms CreateObjectMapping: 0.035000 ms MarkObjects: 1.728300 ms  DeleteObjects: 0.075000 ms)

========================================================================
Received Import Request.
  Time since last request: 59.913610 seconds.
  path: Assets/HiryuTK/Controllers/TopDownController/Pf/EnemyShip.prefab
  artifactKey: Guid(72951ef920f889547a35ece90599c922) Importer(815301076,1909f56bfc062723c751e8b465ee728b)
Start importing Assets/HiryuTK/Controllers/TopDownController/Pf/EnemyShip.prefab using Guid(72951ef920f889547a35ece90599c922) Importer(815301076,1909f56bfc062723c751e8b465ee728b)  -> (artifact id: '66deb1bc1493dfa8660d26ab01347e23') in 0.059571 seconds
  Import took 0.063789 seconds .

========================================================================
Received Prepare
Registering precompiled user dll's ...
Registered in 0.000829 seconds.
OnLevelWasLoaded was found on MusicPlayer
This message has been deprecated and will be removed in a later version of Unity.
Add a delegate to SceneManager.sceneLoaded instead to get notifications after scene loading has completed

Begin MonoManager ReloadAssembly
OnLevelWasLoaded was found on MusicPlayer
This message has been deprecated and will be removed in a later version of Unity.
Add a delegate to SceneManager.sceneLoaded instead to get notifications after scene loading has completed

Native extension for WindowsStandalone target not found
Native extension for WebGL target not found
Refreshing native plugins compatible for Editor in 0.21 ms, found 0 plugins.
Preloading 0 native plugins for Editor in 0.00 ms.
Invoked RoslynAnalysisRunner static constructor.
RoslynAnalysisRunner will not be running.
RoslynAnalysisRunner has terminated.
Mono: successfully reloaded assembly
- Completed reload, in  0.796 seconds
Platform modules already initialized, skipping
Refreshing native plugins compatible for Editor in 0.23 ms, found 0 plugins.
Preloading 0 native plugins for Editor in 0.00 ms.
Unloading 1213 Unused Serialized files (Serialized files now loaded: 0)
System memory in use before: 65.7 MB.
System memory in use after: 65.8 MB.

Unloading 5 unused Assets to reduce memory usage. Loaded Objects now: 1691.
Total: 2.213400 ms (FindLiveObjects: 0.247500 ms CreateObjectMapping: 0.052800 ms MarkObjects: 1.829000 ms  DeleteObjects: 0.082800 ms)

========================================================================
Received Import Request.
  Time since last request: 136.837896 seconds.
  path: Assets/HiryuTK/Controllers/TopDownController/Pf/EnemyShip.prefab
  artifactKey: Guid(72951ef920f889547a35ece90599c922) Importer(815301076,1909f56bfc062723c751e8b465ee728b)
Start importing Assets/HiryuTK/Controllers/TopDownController/Pf/EnemyShip.prefab using Guid(72951ef920f889547a35ece90599c922) Importer(815301076,1909f56bfc062723c751e8b465ee728b)  -> (artifact id: '8f49dd8d6b701fc2a7c872cc66cca92b') in 0.061026 seconds
  Import took 0.063099 seconds .

========================================================================
Received Prepare
Registering precompiled user dll's ...
Registered in 0.000741 seconds.
OnLevelWasLoaded was found on MusicPlayer
This message has been deprecated and will be removed in a later version of Unity.
Add a delegate to SceneManager.sceneLoaded instead to get notifications after scene loading has completed

Begin MonoManager ReloadAssembly
OnLevelWasLoaded was found on MusicPlayer
This message has been deprecated and will be removed in a later version of Unity.
Add a delegate to SceneManager.sceneLoaded instead to get notifications after scene loading has completed

Native extension for WindowsStandalone target not found
Native extension for WebGL target not found
Refreshing native plugins compatible for Editor in 0.22 ms, found 0 plugins.
Preloading 0 native plugins for Editor in 0.00 ms.
Invoked RoslynAnalysisRunner static constructor.
RoslynAnalysisRunner will not be running.
RoslynAnalysisRunner has terminated.
Mono: successfully reloaded assembly
- Completed reload, in  0.817 seconds
Platform modules already initialized, skipping
Refreshing native plugins compatible for Editor in 0.30 ms, found 0 plugins.
Preloading 0 native plugins for Editor in 0.00 ms.
Unloading 1213 Unused Serialized files (Serialized files now loaded: 0)
System memory in use before: 65.8 MB.
System memory in use after: 65.9 MB.

Unloading 5 unused Assets to reduce memory usage. Loaded Objects now: 1694.
Total: 1.818700 ms (FindLiveObjects: 0.275200 ms CreateObjectMapping: 0.062100 ms MarkObjects: 1.393700 ms  DeleteObjects: 0.086600 ms)

========================================================================
Received Prepare
Registering precompiled user dll's ...
Registered in 0.000560 seconds.
OnLevelWasLoaded was found on MusicPlayer
This message has been deprecated and will be removed in a later version of Unity.
Add a delegate to SceneManager.sceneLoaded instead to get notifications after scene loading has completed

Begin MonoManager ReloadAssembly
OnLevelWasLoaded was found on MusicPlayer
This message has been deprecated and will be removed in a later version of Unity.
Add a delegate to SceneManager.sceneLoaded instead to get notifications after scene loading has completed

Native extension for WindowsStandalone target not found
Native extension for WebGL target not found
Refreshing native plugins compatible for Editor in 0.22 ms, found 0 plugins.
Preloading 0 native plugins for Editor in 0.00 ms.
Invoked RoslynAnalysisRunner static constructor.
RoslynAnalysisRunner will not be running.
RoslynAnalysisRunner has terminated.
Mono: successfully reloaded assembly
- Completed reload, in  0.813 seconds
Platform modules already initialized, skipping
Refreshing native plugins compatible for Editor in 0.31 ms, found 0 plugins.
Preloading 0 native plugins for Editor in 0.00 ms.
Unloading 1213 Unused Serialized files (Serialized files now loaded: 0)
System memory in use before: 65.1 MB.
System memory in use after: 65.2 MB.

Unloading 5 unused Assets to reduce memory usage. Loaded Objects now: 1696.
Total: 1.937100 ms (FindLiveObjects: 0.224800 ms CreateObjectMapping: 0.099800 ms MarkObjects: 1.527900 ms  DeleteObjects: 0.083000 ms)

========================================================================
Received Prepare
Registering precompiled user dll's ...
Registered in 0.000513 seconds.
OnLevelWasLoaded was found on MusicPlayer
This message has been deprecated and will be removed in a later version of Unity.
Add a delegate to SceneManager.sceneLoaded instead to get notifications after scene loading has completed

Begin MonoManager ReloadAssembly
OnLevelWasLoaded was found on MusicPlayer
This message has been deprecated and will be removed in a later version of Unity.
Add a delegate to SceneManager.sceneLoaded instead to get notifications after scene loading has completed

Native extension for WindowsStandalone target not found
Native extension for WebGL target not found
Refreshing native plugins compatible for Editor in 0.23 ms, found 0 plugins.
Preloading 0 native plugins for Editor in 0.00 ms.
Invoked RoslynAnalysisRunner static constructor.
RoslynAnalysisRunner will not be running.
RoslynAnalysisRunner has terminated.
Mono: successfully reloaded assembly
- Completed reload, in  0.913 seconds
Platform modules already initialized, skipping
Refreshing native plugins compatible for Editor in 0.34 ms, found 0 plugins.
Preloading 0 native plugins for Editor in 0.00 ms.
Unloading 1213 Unused Serialized files (Serialized files now loaded: 0)
System memory in use before: 65.4 MB.
System memory in use after: 65.5 MB.

Unloading 5 unused Assets to reduce memory usage. Loaded Objects now: 1698.
Total: 2.533500 ms (FindLiveObjects: 0.205700 ms CreateObjectMapping: 0.070000 ms MarkObjects: 2.189700 ms  DeleteObjects: 0.066700 ms)

========================================================================
Received Prepare
Registering precompiled user dll's ...
Registered in 0.000579 seconds.
OnLevelWasLoaded was found on MusicPlayer
This message has been deprecated and will be removed in a later version of Unity.
Add a delegate to SceneManager.sceneLoaded instead to get notifications after scene loading has completed

Begin MonoManager ReloadAssembly
OnLevelWasLoaded was found on MusicPlayer
This message has been deprecated and will be removed in a later version of Unity.
Add a delegate to SceneManager.sceneLoaded instead to get notifications after scene loading has completed

Native extension for WindowsStandalone target not found
Native extension for WebGL target not found
Refreshing native plugins compatible for Editor in 0.22 ms, found 0 plugins.
Preloading 0 native plugins for Editor in 0.00 ms.
Invoked RoslynAnalysisRunner static constructor.
RoslynAnalysisRunner will not be running.
RoslynAnalysisRunner has terminated.
Mono: successfully reloaded assembly
- Completed reload, in  0.810 seconds
Platform modules already initialized, skipping
Refreshing native plugins compatible for Editor in 0.23 ms, found 0 plugins.
Preloading 0 native plugins for Editor in 0.00 ms.
Unloading 1213 Unused Serialized files (Serialized files now loaded: 0)
System memory in use before: 65.6 MB.
System memory in use after: 65.7 MB.

Unloading 5 unused Assets to reduce memory usage. Loaded Objects now: 1700.
Total: 1.616100 ms (FindLiveObjects: 0.130200 ms CreateObjectMapping: 0.035500 ms MarkObjects: 1.364000 ms  DeleteObjects: 0.083500 ms)

========================================================================
Received Prepare
Registering precompiled user dll's ...
Registered in 0.000570 seconds.
OnLevelWasLoaded was found on MusicPlayer
This message has been deprecated and will be removed in a later version of Unity.
Add a delegate to SceneManager.sceneLoaded instead to get notifications after scene loading has completed

Begin MonoManager ReloadAssembly
OnLevelWasLoaded was found on MusicPlayer
This message has been deprecated and will be removed in a later version of Unity.
Add a delegate to SceneManager.sceneLoaded instead to get notifications after scene loading has completed

Native extension for WindowsStandalone target not found
Native extension for WebGL target not found
Refreshing native plugins compatible for Editor in 0.21 ms, found 0 plugins.
Preloading 0 native plugins for Editor in 0.00 ms.
Invoked RoslynAnalysisRunner static constructor.
RoslynAnalysisRunner will not be running.
RoslynAnalysisRunner has terminated.
Mono: successfully reloaded assembly
- Completed reload, in  0.859 seconds
Platform modules already initialized, skipping
Refreshing native plugins compatible for Editor in 0.21 ms, found 0 plugins.
Preloading 0 native plugins for Editor in 0.00 ms.
Unloading 1213 Unused Serialized files (Serialized files now loaded: 0)
System memory in use before: 65.8 MB.
System memory in use after: 65.9 MB.

Unloading 5 unused Assets to reduce memory usage. Loaded Objects now: 1702.
Total: 1.734600 ms (FindLiveObjects: 0.224700 ms CreateObjectMapping: 0.069900 ms MarkObjects: 1.354500 ms  DeleteObjects: 0.084200 ms)

========================================================================
Received Prepare
Registering precompiled user dll's ...
Registered in 0.000897 seconds.
OnLevelWasLoaded was found on MusicPlayer
This message has been deprecated and will be removed in a later version of Unity.
Add a delegate to SceneManager.sceneLoaded instead to get notifications after scene loading has completed

Begin MonoManager ReloadAssembly
OnLevelWasLoaded was found on MusicPlayer
This message has been deprecated and will be removed in a later version of Unity.
Add a delegate to SceneManager.sceneLoaded instead to get notifications after scene loading has completed

Native extension for WindowsStandalone target not found
Native extension for WebGL target not found
Refreshing native plugins compatible for Editor in 0.22 ms, found 0 plugins.
Preloading 0 native plugins for Editor in 0.00 ms.
Invoked RoslynAnalysisRunner static constructor.
RoslynAnalysisRunner will not be running.
RoslynAnalysisRunner has terminated.
Mono: successfully reloaded assembly
- Completed reload, in  0.846 seconds
Platform modules already initialized, skipping
Refreshing native plugins compatible for Editor in 0.21 ms, found 0 plugins.
Preloading 0 native plugins for Editor in 0.00 ms.
Unloading 1213 Unused Serialized files (Serialized files now loaded: 0)
System memory in use before: 65.1 MB.
System memory in use after: 65.2 MB.

Unloading 5 unused Assets to reduce memory usage. Loaded Objects now: 1704.
Total: 1.648300 ms (FindLiveObjects: 0.143700 ms CreateObjectMapping: 0.033800 ms MarkObjects: 1.378200 ms  DeleteObjects: 0.091500 ms)

========================================================================
Received Prepare
Registering precompiled user dll's ...
Registered in 0.000500 seconds.
OnLevelWasLoaded was found on MusicPlayer
This message has been deprecated and will be removed in a later version of Unity.
Add a delegate to SceneManager.sceneLoaded instead to get notifications after scene loading has completed

Begin MonoManager ReloadAssembly
OnLevelWasLoaded was found on MusicPlayer
This message has been deprecated and will be removed in a later version of Unity.
Add a delegate to SceneManager.sceneLoaded instead to get notifications after scene loading has completed

Native extension for WindowsStandalone target not found
Native extension for WebGL target not found
Refreshing native plugins compatible for Editor in 0.22 ms, found 0 plugins.
Preloading 0 native plugins for Editor in 0.00 ms.
Invoked RoslynAnalysisRunner static constructor.
RoslynAnalysisRunner will not be running.
RoslynAnalysisRunner has terminated.
Mono: successfully reloaded assembly
- Completed reload, in  0.913 seconds
Platform modules already initialized, skipping
Refreshing native plugins compatible for Editor in 0.21 ms, found 0 plugins.
Preloading 0 native plugins for Editor in 0.00 ms.
Unloading 1213 Unused Serialized files (Serialized files now loaded: 0)
System memory in use before: 65.3 MB.
System memory in use after: 65.4 MB.

Unloading 5 unused Assets to reduce memory usage. Loaded Objects now: 1706.
Total: 2.040300 ms (FindLiveObjects: 0.168200 ms CreateObjectMapping: 0.035600 ms MarkObjects: 1.790900 ms  DeleteObjects: 0.044700 ms)

========================================================================
Received Prepare
Registering precompiled user dll's ...
Registered in 0.000541 seconds.
OnLevelWasLoaded was found on MusicPlayer
This message has been deprecated and will be removed in a later version of Unity.
Add a delegate to SceneManager.sceneLoaded instead to get notifications after scene loading has completed

Begin MonoManager ReloadAssembly
OnLevelWasLoaded was found on MusicPlayer
This message has been deprecated and will be removed in a later version of Unity.
Add a delegate to SceneManager.sceneLoaded instead to get notifications after scene loading has completed

Native extension for WindowsStandalone target not found
Native extension for WebGL target not found
Refreshing native plugins compatible for Editor in 0.22 ms, found 0 plugins.
Preloading 0 native plugins for Editor in 0.00 ms.
Invoked RoslynAnalysisRunner static constructor.
RoslynAnalysisRunner will not be running.
RoslynAnalysisRunner has terminated.
Mono: successfully reloaded assembly
- Completed reload, in  0.819 seconds
Platform modules already initialized, skipping
Refreshing native plugins compatible for Editor in 0.22 ms, found 0 plugins.
Preloading 0 native plugins for Editor in 0.00 ms.
Unloading 1213 Unused Serialized files (Serialized files now loaded: 0)
System memory in use before: 65.6 MB.
System memory in use after: 65.7 MB.

Unloading 5 unused Assets to reduce memory usage. Loaded Objects now: 1708.
Total: 1.936700 ms (FindLiveObjects: 0.231200 ms CreateObjectMapping: 0.048500 ms MarkObjects: 1.601200 ms  DeleteObjects: 0.054000 ms)

========================================================================
Received Prepare
Registering precompiled user dll's ...
Registered in 0.000544 seconds.
OnLevelWasLoaded was found on MusicPlayer
This message has been deprecated and will be removed in a later version of Unity.
Add a delegate to SceneManager.sceneLoaded instead to get notifications after scene loading has completed

Begin MonoManager ReloadAssembly
OnLevelWasLoaded was found on MusicPlayer
This message has been deprecated and will be removed in a later version of Unity.
Add a delegate to SceneManager.sceneLoaded instead to get notifications after scene loading has completed

Native extension for WindowsStandalone target not found
Native extension for WebGL target not found
Refreshing native plugins compatible for Editor in 0.20 ms, found 0 plugins.
Preloading 0 native plugins for Editor in 0.00 ms.
Invoked RoslynAnalysisRunner static constructor.
RoslynAnalysisRunner will not be running.
RoslynAnalysisRunner has terminated.
Mono: successfully reloaded assembly
- Completed reload, in  0.751 seconds
Platform modules already initialized, skipping
Refreshing native plugins compatible for Editor in 0.22 ms, found 0 plugins.
Preloading 0 native plugins for Editor in 0.00 ms.
Unloading 1213 Unused Serialized files (Serialized files now loaded: 0)
System memory in use before: 65.8 MB.
System memory in use after: 65.9 MB.

Unloading 5 unused Assets to reduce memory usage. Loaded Objects now: 1710.
Total: 1.803800 ms (FindLiveObjects: 0.195700 ms CreateObjectMapping: 0.031800 ms MarkObjects: 1.484600 ms  DeleteObjects: 0.090600 ms)

========================================================================
Received Prepare
Registering precompiled user dll's ...
Registered in 0.000788 seconds.
OnLevelWasLoaded was found on MusicPlayer
This message has been deprecated and will be removed in a later version of Unity.
Add a delegate to SceneManager.sceneLoaded instead to get notifications after scene loading has completed

Begin MonoManager ReloadAssembly
OnLevelWasLoaded was found on MusicPlayer
This message has been deprecated and will be removed in a later version of Unity.
Add a delegate to SceneManager.sceneLoaded instead to get notifications after scene loading has completed

Native extension for WindowsStandalone target not found
Native extension for WebGL target not found
Refreshing native plugins compatible for Editor in 0.21 ms, found 0 plugins.
Preloading 0 native plugins for Editor in 0.00 ms.
Invoked RoslynAnalysisRunner static constructor.
RoslynAnalysisRunner will not be running.
RoslynAnalysisRunner has terminated.
Mono: successfully reloaded assembly
- Completed reload, in  0.745 seconds
Platform modules already initialized, skipping
Refreshing native plugins compatible for Editor in 0.24 ms, found 0 plugins.
Preloading 0 native plugins for Editor in 0.00 ms.
Unloading 1213 Unused Serialized files (Serialized files now loaded: 0)
System memory in use before: 65.9 MB.
System memory in use after: 66.0 MB.

Unloading 5 unused Assets to reduce memory usage. Loaded Objects now: 1712.
Total: 1.810800 ms (FindLiveObjects: 0.177500 ms CreateObjectMapping: 0.039000 ms MarkObjects: 1.506500 ms  DeleteObjects: 0.087000 ms)

========================================================================
Received Import Request.
  Time since last request: 1641.717585 seconds.
  path: Assets/HiryuTK/Controllers/TopDownController/Pf/Asteroid.prefab
  artifactKey: Guid(c4b8d9be616332b4ba009c6aa890756f) Importer(815301076,1909f56bfc062723c751e8b465ee728b)
Start importing Assets/HiryuTK/Controllers/TopDownController/Pf/Asteroid.prefab using Guid(c4b8d9be616332b4ba009c6aa890756f) Importer(815301076,1909f56bfc062723c751e8b465ee728b)  -> (artifact id: 'c9743c18be71dccdf7d5c0bfbcb34af5') in 0.048039 seconds
  Import took 0.050539 seconds .

========================================================================
Received Import Request.
  Time since last request: 0.001108 seconds.
  path: Assets/HiryuTK/Controllers/TopDownController/Pf/Asteroid.prefab
  artifactKey: Guid(c4b8d9be616332b4ba009c6aa890756f) Importer(815301076,1909f56bfc062723c751e8b465ee728b)
Start importing Assets/HiryuTK/Controllers/TopDownController/Pf/Asteroid.prefab using Guid(c4b8d9be616332b4ba009c6aa890756f) Importer(815301076,1909f56bfc062723c751e8b465ee728b)  -> (artifact id: 'c9743c18be71dccdf7d5c0bfbcb34af5') in 0.007997 seconds
  Import took 0.010061 seconds .

========================================================================
Received Prepare
Registering precompiled user dll's ...
Registered in 0.000613 seconds.
OnLevelWasLoaded was found on MusicPlayer
This message has been deprecated and will be removed in a later version of Unity.
Add a delegate to SceneManager.sceneLoaded instead to get notifications after scene loading has completed

Begin MonoManager ReloadAssembly
OnLevelWasLoaded was found on MusicPlayer
This message has been deprecated and will be removed in a later version of Unity.
Add a delegate to SceneManager.sceneLoaded instead to get notifications after scene loading has completed

Native extension for WindowsStandalone target not found
Native extension for WebGL target not found
Refreshing native plugins compatible for Editor in 0.26 ms, found 0 plugins.
Preloading 0 native plugins for Editor in 0.00 ms.
Invoked RoslynAnalysisRunner static constructor.
RoslynAnalysisRunner will not be running.
RoslynAnalysisRunner has terminated.
Mono: successfully reloaded assembly
- Completed reload, in  0.830 seconds
Platform modules already initialized, skipping
Refreshing native plugins compatible for Editor in 0.31 ms, found 0 plugins.
Preloading 0 native plugins for Editor in 0.00 ms.
Unloading 1213 Unused Serialized files (Serialized files now loaded: 0)
System memory in use before: 65.4 MB.
System memory in use after: 65.5 MB.

Unloading 5 unused Assets to reduce memory usage. Loaded Objects now: 1715.
Total: 2.029500 ms (FindLiveObjects: 0.498600 ms CreateObjectMapping: 0.128700 ms MarkObjects: 1.308700 ms  DeleteObjects: 0.092200 ms)

========================================================================
Received Prepare
Registering precompiled user dll's ...
Registered in 0.000485 seconds.
OnLevelWasLoaded was found on MusicPlayer
This message has been deprecated and will be removed in a later version of Unity.
Add a delegate to SceneManager.sceneLoaded instead to get notifications after scene loading has completed

Begin MonoManager ReloadAssembly
OnLevelWasLoaded was found on MusicPlayer
This message has been deprecated and will be removed in a later version of Unity.
Add a delegate to SceneManager.sceneLoaded instead to get notifications after scene loading has completed

Native extension for WindowsStandalone target not found
Native extension for WebGL target not found
Refreshing native plugins compatible for Editor in 0.21 ms, found 0 plugins.
Preloading 0 native plugins for Editor in 0.00 ms.
Invoked RoslynAnalysisRunner static constructor.
RoslynAnalysisRunner will not be running.
RoslynAnalysisRunner has terminated.
Mono: successfully reloaded assembly
- Completed reload, in  0.778 seconds
Platform modules already initialized, skipping
Refreshing native plugins compatible for Editor in 0.32 ms, found 0 plugins.
Preloading 0 native plugins for Editor in 0.00 ms.
Unloading 1213 Unused Serialized files (Serialized files now loaded: 0)
System memory in use before: 65.6 MB.
System memory in use after: 65.7 MB.

Unloading 5 unused Assets to reduce memory usage. Loaded Objects now: 1717.
Total: 2.446900 ms (FindLiveObjects: 0.213300 ms CreateObjectMapping: 0.068800 ms MarkObjects: 2.052700 ms  DeleteObjects: 0.110000 ms)

========================================================================
Received Prepare
Registering precompiled user dll's ...
Registered in 0.000568 seconds.
OnLevelWasLoaded was found on MusicPlayer
This message has been deprecated and will be removed in a later version of Unity.
Add a delegate to SceneManager.sceneLoaded instead to get notifications after scene loading has completed

Begin MonoManager ReloadAssembly
OnLevelWasLoaded was found on MusicPlayer
This message has been deprecated and will be removed in a later version of Unity.
Add a delegate to SceneManager.sceneLoaded instead to get notifications after scene loading has completed

Native extension for WindowsStandalone target not found
Native extension for WebGL target not found
Refreshing native plugins compatible for Editor in 0.20 ms, found 0 plugins.
Preloading 0 native plugins for Editor in 0.00 ms.
Invoked RoslynAnalysisRunner static constructor.
RoslynAnalysisRunner will not be running.
RoslynAnalysisRunner has terminated.
Mono: successfully reloaded assembly
- Completed reload, in  0.753 seconds
Platform modules already initialized, skipping
Refreshing native plugins compatible for Editor in 0.21 ms, found 0 plugins.
Preloading 0 native plugins for Editor in 0.00 ms.
Unloading 1213 Unused Serialized files (Serialized files now loaded: 0)
System memory in use before: 65.9 MB.
System memory in use after: 65.9 MB.

Unloading 5 unused Assets to reduce memory usage. Loaded Objects now: 1719.
Total: 1.883700 ms (FindLiveObjects: 0.186300 ms CreateObjectMapping: 0.039700 ms MarkObjects: 1.567700 ms  DeleteObjects: 0.088900 ms)

========================================================================
Received Import Request.
  Time since last request: 237.177360 seconds.
  path: Assets/HiryuTK/Controllers/TopDownController/Pf/Asteroid.prefab
  artifactKey: Guid(c4b8d9be616332b4ba009c6aa890756f) Importer(815301076,1909f56bfc062723c751e8b465ee728b)
Start importing Assets/HiryuTK/Controllers/TopDownController/Pf/Asteroid.prefab using Guid(c4b8d9be616332b4ba009c6aa890756f) Importer(815301076,1909f56bfc062723c751e8b465ee728b)  -> (artifact id: 'fc3d9da78861628313ae30c28bbff770') in 0.048675 seconds
  Import took 0.050621 seconds .

========================================================================
Received Prepare
Registering precompiled user dll's ...
Registered in 0.000498 seconds.
OnLevelWasLoaded was found on MusicPlayer
This message has been deprecated and will be removed in a later version of Unity.
Add a delegate to SceneManager.sceneLoaded instead to get notifications after scene loading has completed

Begin MonoManager ReloadAssembly
OnLevelWasLoaded was found on MusicPlayer
This message has been deprecated and will be removed in a later version of Unity.
Add a delegate to SceneManager.sceneLoaded instead to get notifications after scene loading has completed

Native extension for WindowsStandalone target not found
Native extension for WebGL target not found
Refreshing native plugins compatible for Editor in 0.20 ms, found 0 plugins.
Preloading 0 native plugins for Editor in 0.00 ms.
Invoked RoslynAnalysisRunner static constructor.
RoslynAnalysisRunner will not be running.
RoslynAnalysisRunner has terminated.
Mono: successfully reloaded assembly
- Completed reload, in  0.750 seconds
Platform modules already initialized, skipping
Refreshing native plugins compatible for Editor in 0.24 ms, found 0 plugins.
Preloading 0 native plugins for Editor in 0.00 ms.
Unloading 1213 Unused Serialized files (Serialized files now loaded: 0)
System memory in use before: 65.9 MB.
System memory in use after: 66.0 MB.

Unloading 5 unused Assets to reduce memory usage. Loaded Objects now: 1722.
Total: 2.020900 ms (FindLiveObjects: 0.265700 ms CreateObjectMapping: 0.062700 ms MarkObjects: 1.604800 ms  DeleteObjects: 0.086600 ms)

========================================================================
Received Prepare
Registering precompiled user dll's ...
Registered in 0.000566 seconds.
OnLevelWasLoaded was found on MusicPlayer
This message has been deprecated and will be removed in a later version of Unity.
Add a delegate to SceneManager.sceneLoaded instead to get notifications after scene loading has completed

Begin MonoManager ReloadAssembly
OnLevelWasLoaded was found on MusicPlayer
This message has been deprecated and will be removed in a later version of Unity.
Add a delegate to SceneManager.sceneLoaded instead to get notifications after scene loading has completed

Native extension for WindowsStandalone target not found
Native extension for WebGL target not found
Refreshing native plugins compatible for Editor in 0.21 ms, found 0 plugins.
Preloading 0 native plugins for Editor in 0.00 ms.
Invoked RoslynAnalysisRunner static constructor.
RoslynAnalysisRunner will not be running.
RoslynAnalysisRunner has terminated.
Mono: successfully reloaded assembly
- Completed reload, in  0.859 seconds
Platform modules already initialized, skipping
Refreshing native plugins compatible for Editor in 0.27 ms, found 0 plugins.
Preloading 0 native plugins for Editor in 0.00 ms.
Unloading 1213 Unused Serialized files (Serialized files now loaded: 0)
System memory in use before: 65.4 MB.
System memory in use after: 65.4 MB.

Unloading 5 unused Assets to reduce memory usage. Loaded Objects now: 1724.
Total: 1.745200 ms (FindLiveObjects: 0.359100 ms CreateObjectMapping: 0.083200 ms MarkObjects: 1.235600 ms  DeleteObjects: 0.065800 ms)

========================================================================
Received Prepare
Registering precompiled user dll's ...
Registered in 0.000539 seconds.
OnLevelWasLoaded was found on MusicPlayer
This message has been deprecated and will be removed in a later version of Unity.
Add a delegate to SceneManager.sceneLoaded instead to get notifications after scene loading has completed

Begin MonoManager ReloadAssembly
OnLevelWasLoaded was found on MusicPlayer
This message has been deprecated and will be removed in a later version of Unity.
Add a delegate to SceneManager.sceneLoaded instead to get notifications after scene loading has completed

Native extension for WindowsStandalone target not found
Native extension for WebGL target not found
Refreshing native plugins compatible for Editor in 0.22 ms, found 0 plugins.
Preloading 0 native plugins for Editor in 0.00 ms.
Invoked RoslynAnalysisRunner static constructor.
RoslynAnalysisRunner will not be running.
RoslynAnalysisRunner has terminated.
Mono: successfully reloaded assembly
- Completed reload, in  0.763 seconds
Platform modules already initialized, skipping
Refreshing native plugins compatible for Editor in 0.21 ms, found 0 plugins.
Preloading 0 native plugins for Editor in 0.00 ms.
Unloading 1213 Unused Serialized files (Serialized files now loaded: 0)
System memory in use before: 65.6 MB.
System memory in use after: 65.7 MB.

Unloading 5 unused Assets to reduce memory usage. Loaded Objects now: 1726.
Total: 1.889700 ms (FindLiveObjects: 0.164200 ms CreateObjectMapping: 0.034100 ms MarkObjects: 1.605800 ms  DeleteObjects: 0.084700 ms)

========================================================================
Received Prepare
Registering precompiled user dll's ...
Registered in 0.000587 seconds.
OnLevelWasLoaded was found on MusicPlayer
This message has been deprecated and will be removed in a later version of Unity.
Add a delegate to SceneManager.sceneLoaded instead to get notifications after scene loading has completed

Begin MonoManager ReloadAssembly
OnLevelWasLoaded was found on MusicPlayer
This message has been deprecated and will be removed in a later version of Unity.
Add a delegate to SceneManager.sceneLoaded instead to get notifications after scene loading has completed

Native extension for WindowsStandalone target not found
Native extension for WebGL target not found
Refreshing native plugins compatible for Editor in 0.22 ms, found 0 plugins.
Preloading 0 native plugins for Editor in 0.00 ms.
Invoked RoslynAnalysisRunner static constructor.
RoslynAnalysisRunner will not be running.
RoslynAnalysisRunner has terminated.
Mono: successfully reloaded assembly
- Completed reload, in  0.778 seconds
Platform modules already initialized, skipping
Refreshing native plugins compatible for Editor in 0.21 ms, found 0 plugins.
Preloading 0 native plugins for Editor in 0.00 ms.
Unloading 1213 Unused Serialized files (Serialized files now loaded: 0)
System memory in use before: 65.8 MB.
System memory in use after: 65.9 MB.

Unloading 5 unused Assets to reduce memory usage. Loaded Objects now: 1728.
Total: 2.076700 ms (FindLiveObjects: 0.187100 ms CreateObjectMapping: 0.041700 ms MarkObjects: 1.758400 ms  DeleteObjects: 0.088300 ms)

========================================================================
Received Prepare
Registering precompiled user dll's ...
Registered in 0.000523 seconds.
OnLevelWasLoaded was found on MusicPlayer
This message has been deprecated and will be removed in a later version of Unity.
Add a delegate to SceneManager.sceneLoaded instead to get notifications after scene loading has completed

Begin MonoManager ReloadAssembly
OnLevelWasLoaded was found on MusicPlayer
This message has been deprecated and will be removed in a later version of Unity.
Add a delegate to SceneManager.sceneLoaded instead to get notifications after scene loading has completed

Native extension for WindowsStandalone target not found
Native extension for WebGL target not found
Refreshing native plugins compatible for Editor in 0.21 ms, found 0 plugins.
Preloading 0 native plugins for Editor in 0.00 ms.
Invoked RoslynAnalysisRunner static constructor.
RoslynAnalysisRunner will not be running.
RoslynAnalysisRunner has terminated.
Mono: successfully reloaded assembly
- Completed reload, in  0.746 seconds
Platform modules already initialized, skipping
Refreshing native plugins compatible for Editor in 0.21 ms, found 0 plugins.
Preloading 0 native plugins for Editor in 0.00 ms.
Unloading 1213 Unused Serialized files (Serialized files now loaded: 0)
System memory in use before: 66.0 MB.
System memory in use after: 66.0 MB.

Unloading 5 unused Assets to reduce memory usage. Loaded Objects now: 1730.
Total: 1.597000 ms (FindLiveObjects: 0.171500 ms CreateObjectMapping: 0.041400 ms MarkObjects: 1.301300 ms  DeleteObjects: 0.081700 ms)

========================================================================
Received Prepare
Registering precompiled user dll's ...
Registered in 0.000565 seconds.
OnLevelWasLoaded was found on MusicPlayer
This message has been deprecated and will be removed in a later version of Unity.
Add a delegate to SceneManager.sceneLoaded instead to get notifications after scene loading has completed

Begin MonoManager ReloadAssembly
OnLevelWasLoaded was found on MusicPlayer
This message has been deprecated and will be removed in a later version of Unity.
Add a delegate to SceneManager.sceneLoaded instead to get notifications after scene loading has completed

Native extension for WindowsStandalone target not found
Native extension for WebGL target not found
Refreshing native plugins compatible for Editor in 0.20 ms, found 0 plugins.
Preloading 0 native plugins for Editor in 0.00 ms.
Invoked RoslynAnalysisRunner static constructor.
RoslynAnalysisRunner will not be running.
RoslynAnalysisRunner has terminated.
Mono: successfully reloaded assembly
- Completed reload, in  0.794 seconds
Platform modules already initialized, skipping
Refreshing native plugins compatible for Editor in 0.28 ms, found 0 plugins.
Preloading 0 native plugins for Editor in 0.00 ms.
Unloading 1213 Unused Serialized files (Serialized files now loaded: 0)
System memory in use before: 65.3 MB.
System memory in use after: 65.4 MB.

Unloading 5 unused Assets to reduce memory usage. Loaded Objects now: 1732.
Total: 2.370600 ms (FindLiveObjects: 0.240500 ms CreateObjectMapping: 0.060000 ms MarkObjects: 1.977100 ms  DeleteObjects: 0.091600 ms)

========================================================================
Received Import Request.
  Time since last request: 1613.010784 seconds.
  path: Assets/HiryuTK/Controllers/TopDownController/Pf/EnemyShip.prefab
  artifactKey: Guid(72951ef920f889547a35ece90599c922) Importer(815301076,1909f56bfc062723c751e8b465ee728b)
Start importing Assets/HiryuTK/Controllers/TopDownController/Pf/EnemyShip.prefab using Guid(72951ef920f889547a35ece90599c922) Importer(815301076,1909f56bfc062723c751e8b465ee728b)  -> (artifact id: '44b34d90ae988a8f2f02b504b892eb7e') in 0.062287 seconds
  Import took 0.065555 seconds .

========================================================================
Received Import Request.
  Time since last request: 6.332573 seconds.
  path: Assets/HiryuTK/Controllers/TopDownController/Pf/Asteroid.prefab
  artifactKey: Guid(c4b8d9be616332b4ba009c6aa890756f) Importer(815301076,1909f56bfc062723c751e8b465ee728b)
Start importing Assets/HiryuTK/Controllers/TopDownController/Pf/Asteroid.prefab using Guid(c4b8d9be616332b4ba009c6aa890756f) Importer(815301076,1909f56bfc062723c751e8b465ee728b)  -> (artifact id: '87dd516c33906ac53195b2549477cad3') in 0.010518 seconds
  Import took 0.012847 seconds .

========================================================================
Received Import Request.
  Time since last request: 1.568280 seconds.
  path: Assets/HiryuTK/Controllers/TopDownController/Pf/Asteroid.prefab
  artifactKey: Guid(c4b8d9be616332b4ba009c6aa890756f) Importer(815301076,1909f56bfc062723c751e8b465ee728b)
Start importing Assets/HiryuTK/Controllers/TopDownController/Pf/Asteroid.prefab using Guid(c4b8d9be616332b4ba009c6aa890756f) Importer(815301076,1909f56bfc062723c751e8b465ee728b)  -> (artifact id: 'e20198adfb003db44f28a2669a29b509') in 0.008791 seconds
  Import took 0.011227 seconds .

========================================================================
Received Prepare
Registering precompiled user dll's ...
Registered in 0.001148 seconds.
OnLevelWasLoaded was found on MusicPlayer
This message has been deprecated and will be removed in a later version of Unity.
Add a delegate to SceneManager.sceneLoaded instead to get notifications after scene loading has completed

Begin MonoManager ReloadAssembly
OnLevelWasLoaded was found on MusicPlayer
This message has been deprecated and will be removed in a later version of Unity.
Add a delegate to SceneManager.sceneLoaded instead to get notifications after scene loading has completed

Native extension for WindowsStandalone target not found
Native extension for WebGL target not found
Refreshing native plugins compatible for Editor in 0.28 ms, found 0 plugins.
Preloading 0 native plugins for Editor in 0.00 ms.
Invoked RoslynAnalysisRunner static constructor.
RoslynAnalysisRunner will not be running.
RoslynAnalysisRunner has terminated.
Mono: successfully reloaded assembly
- Completed reload, in  0.831 seconds
Platform modules already initialized, skipping
Refreshing native plugins compatible for Editor in 0.23 ms, found 0 plugins.
Preloading 0 native plugins for Editor in 0.00 ms.
Unloading 1213 Unused Serialized files (Serialized files now loaded: 0)
System memory in use before: 65.6 MB.
System memory in use after: 65.6 MB.

Unloading 5 unused Assets to reduce memory usage. Loaded Objects now: 1735.
Total: 1.883800 ms (FindLiveObjects: 0.151800 ms CreateObjectMapping: 0.031800 ms MarkObjects: 1.606600 ms  DeleteObjects: 0.092800 ms)

========================================================================
Received Import Request.
  Time since last request: 76.236769 seconds.
  path: Assets/HiryuTK/Controllers/TopDownController/TopDown3DController.unity
  artifactKey: Guid(0ce2a193c5cdac040b3d86fc4b418ee8) Importer(815301076,1909f56bfc062723c751e8b465ee728b)
Start importing Assets/HiryuTK/Controllers/TopDownController/TopDown3DController.unity using Guid(0ce2a193c5cdac040b3d86fc4b418ee8) Importer(815301076,1909f56bfc062723c751e8b465ee728b)  -> (artifact id: '9a69d66fd006fe5fb63c1029383c1332') in 0.161447 seconds
  Import took 0.176269 seconds .

========================================================================
Received Import Request.
  Time since last request: 0.065586 seconds.
  path: Assets/HiryuTK/Controllers/TopDownController/Script/CharacterControl/PlayerTopDown3DController.cs
  artifactKey: Guid(d8428c0251219ef4fa9c770b2cc926a7) Importer(815301076,1909f56bfc062723c751e8b465ee728b)
Start importing Assets/HiryuTK/Controllers/TopDownController/Script/CharacterControl/PlayerTopDown3DController.cs using Guid(d8428c0251219ef4fa9c770b2cc926a7) Importer(815301076,1909f56bfc062723c751e8b465ee728b)  -> (artifact id: '25f6825b36808190014fd42220b762df') in 0.009612 seconds
  Import took 0.013020 seconds .

========================================================================
Received Import Request.
  Time since last request: 0.153839 seconds.
  path: Assets/HiryuTK/Controllers/TopDownController/Script/Bullet/PlayerBullet_TopDown.cs
  artifactKey: Guid(20074505390559043b872fc212ced9e2) Importer(815301076,1909f56bfc062723c751e8b465ee728b)
Start importing Assets/HiryuTK/Controllers/TopDownController/Script/Bullet/PlayerBullet_TopDown.cs using Guid(20074505390559043b872fc212ced9e2) Importer(815301076,1909f56bfc062723c751e8b465ee728b)  -> (artifact id: 'd36b2808f77c92152242fe2464152713') in 0.005929 seconds
  Import took 0.008079 seconds .

========================================================================
Received Import Request.
  Time since last request: 0.048922 seconds.
  path: Assets/HiryuTK/Controllers/TopDownController/Settings_TopDownController.cs
  artifactKey: Guid(d5db4fc4f6a879e47be7d6eaefc593ef) Importer(815301076,1909f56bfc062723c751e8b465ee728b)
Start importing Assets/HiryuTK/Controllers/TopDownController/Settings_TopDownController.cs using Guid(d5db4fc4f6a879e47be7d6eaefc593ef) Importer(815301076,1909f56bfc062723c751e8b465ee728b)  -> (artifact id: 'e7f061da16c176e7a93bb35196af0ee2') in 0.001701 seconds
  Import took 0.003547 seconds .

========================================================================
Received Import Request.
  Time since last request: 0.079388 seconds.
  path: Assets/HiryuTK/Controllers/TopDownController/Script/Enemy/EnemyShip/EnemyShip_TopDown.cs
  artifactKey: Guid(2fade31bf59cf18439786d98e8ab3b87) Importer(815301076,1909f56bfc062723c751e8b465ee728b)
Start importing Assets/HiryuTK/Controllers/TopDownController/Script/Enemy/EnemyShip/EnemyShip_TopDown.cs using Guid(2fade31bf59cf18439786d98e8ab3b87) Importer(815301076,1909f56bfc062723c751e8b465ee728b)  -> (artifact id: 'a5c9d4d6aeb06b19bf4d180cc6ccd750') in 0.005941 seconds
  Import took 0.008370 seconds .

========================================================================
Received Import Request.
  Time since last request: 0.015102 seconds.
  path: Assets/HiryuTK/Controllers/TopDownController/Script/Enemy/Asteroid.cs
  artifactKey: Guid(c1eae2bb071d9394a8e9966ca4713039) Importer(815301076,1909f56bfc062723c751e8b465ee728b)
Start importing Assets/HiryuTK/Controllers/TopDownController/Script/Enemy/Asteroid.cs using Guid(c1eae2bb071d9394a8e9966ca4713039) Importer(815301076,1909f56bfc062723c751e8b465ee728b)  -> (artifact id: 'a9a4fe937c74c842005837f76b843618') in 0.001971 seconds
  Import took 0.004038 seconds .

========================================================================
Received Import Request.
  Time since last request: 0.034552 seconds.
  path: Assets/HiryuTK/Controllers/TopDownController/Script/UI/UIManager_TopDown.cs
  artifactKey: Guid(be73ef72d5c6a8d45b35b77482fbba55) Importer(815301076,1909f56bfc062723c751e8b465ee728b)
Start importing Assets/HiryuTK/Controllers/TopDownController/Script/UI/UIManager_TopDown.cs using Guid(be73ef72d5c6a8d45b35b77482fbba55) Importer(815301076,1909f56bfc062723c751e8b465ee728b)  -> (artifact id: 'd046912126f514e0dc77d3b5bd9f9413') in 0.005500 seconds
  Import took 0.007771 seconds .

========================================================================
Received Import Request.
  Time since last request: 0.070820 seconds.
  path: Assets/HiryuTK/Controllers/TopDownController/Script/Enemy/EnemySpawner/TopDown_EnvironmentSpawner.cs
  artifactKey: Guid(941c6f9f983ca8247a8b7bfa2468bbe9) Importer(815301076,1909f56bfc062723c751e8b465ee728b)
Start importing Assets/HiryuTK/Controllers/TopDownController/Script/Enemy/EnemySpawner/TopDown_EnvironmentSpawner.cs using Guid(941c6f9f983ca8247a8b7bfa2468bbe9) Importer(815301076,1909f56bfc062723c751e8b465ee728b)  -> (artifact id: 'ca039d880e262cebd1e38c3dd7d2e178') in 0.005187 seconds
  Import took 0.007419 seconds .

AssetImportWorkerClient::OnTransportError - code=2 error=End of file
